V |                      | ArgumentsFromParametersFile.OnBuildCreated (150)
V |                      | HandleReSharperSurrogateArguments.OnBuildCreated (150)
V |                      | InjectParameterValues.OnBuildCreated (100)
V |                      | HandleShellCompletion.OnBuildCreated (75)
V |                      | GenerateBuildServerConfigurations.OnBuildCreated (50)
V |                      | InvokeBuildServerConfigurationGeneration.OnBuildCreated (45)
V |                      | UpdateNotification.OnBuildCreated (10)
V |                      | UnsetVisualStudioEnvironmentVariables.OnBuildCreated (0)
V |                      | HandleVisualStudioDebugging.OnBuildCreated (0)
V |                      | EventInvoker.OnBuildCreated (-3.4028235E+38)
V |                      | HandlePlanRequests.OnBuildInitialized (10)
V |                      | HandleHelpRequests.OnBuildInitialized (5)
V |                      | Telemetry.OnBuildInitialized (0)
V |                      | InjectNonParameterValues.OnBuildInitialized (-100)
V |                      | EventInvoker.OnBuildInitialized (-3.4028235E+38)
V | Restore              | EventInvoker.OnTargetRunning (-3.4028235E+38)
I | Restore              | > "C:\Program Files\dotnet\dotnet.exe" restore C:\dev\devops-site\backend\DevOpsSite.sln
V | Restore              | @ C:\dev\devops-site\backend
D | Restore              |   Determining projects to restore...
D | Restore              |   All projects are up-to-date for restore.
V | Restore              | Telemetry.OnTargetSucceeded (0)
V | Restore              | EventInvoker.OnTargetSucceeded (-3.4028235E+38)
V | BuildProject         | EventInvoker.OnTargetRunning (-3.4028235E+38)
I | BuildProject         | > "C:\Program Files\dotnet\dotnet.exe" build C:\dev\devops-site\backend\src\DevOpsSite.Domain\DevOpsSite.Domain.csproj --configuration Release --no-restore --nologo
V | BuildProject         | @ C:\dev\devops-site\backend
D | BuildProject         |   DevOpsSite.Domain -> C:\dev\devops-site\backend\src\DevOpsSite.Domain\bin\Release\net8.0\DevOpsSite.Domain.dll
D | BuildProject         | 
D | BuildProject         | Build succeeded.
D | BuildProject         |     0 Warning(s)
D | BuildProject         |     0 Error(s)
D | BuildProject         | 
D | BuildProject         | Time Elapsed 00:00:00.53
V | BuildProject         | Telemetry.OnTargetSucceeded (0)
V | BuildProject         | EventInvoker.OnTargetSucceeded (-3.4028235E+38)
V |                      | UpdateNotification.OnBuildFinished (10)
V |                      | SerializeBuildServerState.OnBuildFinished (0)
V |                      | EventInvoker.OnBuildFinished (-3.4028235E+38)
